# JRE version: OpenJDK Runtime Environment (26.0.1+8) (build 26.0.1+8-34)
# Java VM: OpenJDK 64-Bit Server VM (26.0.1+8-34, mixed mode, emulated-client, sharing, tiered, compressed oops, compressed class ptrs, g1 gc, windows-amd64)
GC Precious Log:
 CardTable entry size: 512
 Card Set container configuration: InlinePtr #cards 5 size 8 Array Of Cards #cards 10 size 36 Howl #buckets 4 coarsen threshold 1843 Howl Bitmap #cards 512 size 80 coarsen threshold 460 Card regions per heap region 1 cards per card region 2048
 CPUs: 8 total, 8 available
 Memory: 8087M
 Large Page Support: Disabled
 NUMA Support: Disabled
 Compressed Oops: Enabled (32-bit)
 Heap Region Size: 1M
 Heap Min Capacity: 8M
 Heap Initial Capacity: 8M
 Heap Max Capacity: 2022M
 Pre-touch: Disabled
 Parallel Workers: 8
 Concurrent Workers: 2
 Concurrent Refinement Workers: 8
 Periodic GC: Disabled
Heap:
 garbage-first heap   total reserved 2070528K, committed 58368K, used 24084K [0x0000000081a00000, 0x0000000100000000)
  region size 1M, 10 eden (10M), 5 survivor (5M), 11 old (11M), 0 humongous (0M), 31 free (31M)
GC Heap Usage History (20 events):
Event: 0.307 {heap Before GC invocations=1 (full 0):
 garbage-first heap   total reserved 2070528K, committed 10240K, used 4372K [0x0000000081a00000, 0x0000000100000000)
  region size 1M, 1 eden (1M), 1 survivor (1M), 4 old (4M), 0 humongous (0M), 4 free (4M)
}
Event: 0.309 {heap After GC invocations=2 (full 0):
 garbage-first heap   total reserved 2070528K, committed 10240K, used 3541K [0x0000000081a00000, 0x0000000100000000)
  region size 1M, 0 eden (0M), 1 survivor (1M), 4 old (4M), 0 humongous (0M), 5 free (5M)
}
Event: 0.414 {heap Before GC invocations=2 (full 0):
 garbage-first heap   total reserved 2070528K, committed 10240K, used 5589K [0x0000000081a00000, 0x0000000100000000)
  region size 1M, 2 eden (2M), 1 survivor (1M), 4 old (4M), 0 humongous (0M), 3 free (3M)
}
Event: 0.416 {heap After GC invocations=3 (full 0):
 garbage-first heap   total reserved 2070528K, committed 30720K, used 3582K [0x0000000081a00000, 0x0000000100000000)
  region size 1M, 0 eden (0M), 1 survivor (1M), 4 old (4M), 0 humongous (0M), 25 free (25M)
}
Event: 0.979 {heap Before GC invocations=4 (full 0):
 garbage-first heap   total reserved 2070528K, committed 30720K, used 16894K [0x0000000081a00000, 0x0000000100000000)
  region size 1M, 14 eden (14M), 1 survivor (1M), 4 old (4M), 0 humongous (0M), 11 free (11M)
}
Event: 0.984 {heap After GC invocations=5 (full 0):
 garbage-first heap   total reserved 2070528K, committed 30720K, used 5270K [0x0000000081a00000, 0x0000000100000000)
  region size 1M, 0 eden (0M), 2 survivor (2M), 4 old (4M), 0 humongous (0M), 24 free (24M)
}
Event: 1.360 {heap Before GC invocations=5 (full 0):
 garbage-first heap   total reserved 2070528K, committed 30720K, used 20630K [0x0000000081a00000, 0x0000000100000000)
  region size 1M, 15 eden (15M), 2 survivor (2M), 4 old (4M), 0 humongous (0M), 9 free (9M)
}
Event: 1.364 {heap After GC invocations=6 (full 0):
 garbage-first heap   total reserved 2070528K, committed 30720K, used 6350K [0x0000000081a00000, 0x0000000100000000)
  region size 1M, 0 eden (0M), 2 survivor (2M), 6 old (6M), 0 humongous (0M), 22 free (22M)
}
Event: 1.560 {heap Before GC invocations=6 (full 0):
 garbage-first heap   total reserved 2070528K, committed 30720K, used 20686K [0x0000000081a00000, 0x0000000100000000)
  region size 1M, 15 eden (15M), 2 survivor (2M), 6 old (6M), 0 humongous (0M), 7 free (7M)
}
Event: 1.563 {heap After GC invocations=7 (full 0):
 garbage-first heap   total reserved 2070528K, committed 30720K, used 7749K [0x0000000081a00000, 0x0000000100000000)
  region size 1M, 0 eden (0M), 3 survivor (3M), 6 old (6M), 0 humongous (0M), 21 free (21M)
}
Event: 1.879 {heap Before GC invocations=7 (full 0):
 garbage-first heap   total reserved 2070528K, committed 30720K, used 22085K [0x0000000081a00000, 0x0000000100000000)
  region size 1M, 15 eden (15M), 3 survivor (3M), 6 old (6M), 0 humongous (0M), 6 free (6M)
}
Event: 1.885 {heap After GC invocations=8 (full 0):
 garbage-first heap   total reserved 2070528K, committed 30720K, used 9187K [0x0000000081a00000, 0x0000000100000000)
  region size 1M, 0 eden (0M), 3 survivor (3M), 6 old (6M), 0 humongous (0M), 21 free (21M)
}
Event: 2.299 {heap Before GC invocations=8 (full 0):
 garbage-first heap   total reserved 2070528K, committed 30720K, used 24547K [0x0000000081a00000, 0x0000000100000000)
  region size 1M, 15 eden (15M), 3 survivor (3M), 6 old (6M), 0 humongous (0M), 6 free (6M)
}
Event: 2.307 {heap After GC invocations=9 (full 0):
 garbage-first heap   total reserved 2070528K, committed 30720K, used 11531K [0x0000000081a00000, 0x0000000100000000)
  region size 1M, 0 eden (0M), 3 survivor (3M), 9 old (9M), 0 humongous (0M), 18 free (18M)
}
Event: 2.556 {heap Before GC invocations=9 (full 0):
 garbage-first heap   total reserved 2070528K, committed 30720K, used 23819K [0x0000000081a00000, 0x0000000100000000)
  region size 1M, 13 eden (13M), 3 survivor (3M), 9 old (9M), 0 humongous (0M), 5 free (5M)
}
Event: 2.562 {heap After GC invocations=10 (full 0):
 garbage-first heap   total reserved 2070528K, committed 58368K, used 12503K [0x0000000081a00000, 0x0000000100000000)
  region size 1M, 0 eden (0M), 2 survivor (2M), 11 old (11M), 0 humongous (0M), 44 free (44M)
}
Event: 2.661 {heap Before GC invocations=10 (full 0):
 garbage-first heap   total reserved 2070528K, committed 58368K, used 14551K [0x0000000081a00000, 0x0000000100000000)
  region size 1M, 3 eden (3M), 2 survivor (2M), 11 old (11M), 0 humongous (0M), 41 free (41M)
}
Event: 2.665 {heap After GC invocations=11 (full 0):
 garbage-first heap   total reserved 2070528K, committed 58368K, used 12833K [0x0000000081a00000, 0x0000000100000000)
  region size 1M, 0 eden (0M), 2 survivor (2M), 11 old (11M), 0 humongous (0M), 44 free (44M)
}
Event: 134.076 {heap Before GC invocations=12 (full 0):
 garbage-first heap   total reserved 2070528K, committed 58368K, used 44577K [0x0000000081a00000, 0x0000000100000000)
  region size 1M, 32 eden (32M), 2 survivor (2M), 11 old (11M), 0 humongous (0M), 12 free (12M)
}
Event: 134.087 {heap After GC invocations=13 (full 0):
 garbage-first heap   total reserved 2070528K, committed 58368K, used 15892K [0x0000000081a00000, 0x0000000100000000)
  region size 1M, 0 eden (0M), 5 survivor (5M), 11 old (11M), 0 humongous (0M), 41 free (41M)
}

